<?xml version="1.0" encoding="UTF-8"?>
<!-- Generated by org.testng.reporters.JUnitXMLReporter -->
<testsuite ignored="0" hostname="DESKTOP-E6HOPFF" failures="0" tests="4" name="Command line test" time="61.766" errors="0" timestamp="2022-12-01T05:19:00 MSK">
  <testcase classname="Page_object.test.BringItOnTest" name="CreateNewPaste" time="2.241"/>
  <testcase classname="Page_object.test.GoogleCloudTest" name="GoogleCloudPricingCalculatorTest" time="40.863"/>
  <testcase classname="Page_object.test.ICanWinTest" name="CreateNewPaste" time="3.8"/>
  <testcase classname="Page_object.test.SpotifyTest" name="CreateNewPlayListAtTheAccount" time="8.684"/>
</testsuite> <!-- Command line test -->
